<?xml version="1.0" encoding="UTF-8"?>
<testsuite xmlns:xsi="http://www.w3.org/2001/XMLSchema-instance" xsi:noNamespaceSchemaLocation="https://maven.apache.org/surefire/maven-surefire-plugin/xsd/surefire-test-report-3.0.xsd" version="3.0" name="pl.edu.agh.kis.pz1.HandEvaluatorTest" time="0.022" tests="10" errors="0" skipped="0" failures="0">
  <properties>
    <property name="java.specification.version" value="17"/>
    <property name="sun.jnu.encoding" value="UTF-8"/>
    <property name="java.class.path" value="/home/tomaszmakowski/ProgramowanieZaawansowane/poker-final/poker-common/target/test-classes:/home/tomaszmakowski/ProgramowanieZaawansowane/poker-final/poker-common/target/classes:/home/tomaszmakowski/.m2/repository/log4j/log4j/1.2.12/log4j-1.2.12.jar:/home/tomaszmakowski/.m2/repository/org/junit/jupiter/junit-jupiter/5.9.2/junit-jupiter-5.9.2.jar:/home/tomaszmakowski/.m2/repository/org/junit/jupiter/junit-jupiter-api/5.9.2/junit-jupiter-api-5.9.2.jar:/home/tomaszmakowski/.m2/repository/org/opentest4j/opentest4j/1.2.0/opentest4j-1.2.0.jar:/home/tomaszmakowski/.m2/repository/org/junit/platform/junit-platform-commons/1.9.2/junit-platform-commons-1.9.2.jar:/home/tomaszmakowski/.m2/repository/org/junit/jupiter/junit-jupiter-params/5.9.2/junit-jupiter-params-5.9.2.jar:/home/tomaszmakowski/.m2/repository/org/junit/jupiter/junit-jupiter-engine/5.9.2/junit-jupiter-engine-5.9.2.jar:/home/tomaszmakowski/.m2/repository/org/junit/platform/junit-platform-engine/1.9.2/junit-platform-engine-1.9.2.jar:/home/tomaszmakowski/.m2/repository/org/sonarsource/scanner/maven/sonar-maven-plugin/3.9.1.2184/sonar-maven-plugin-3.9.1.2184.jar:/home/tomaszmakowski/.m2/repository/org/sonatype/plexus/plexus-sec-dispatcher/1.4/plexus-sec-dispatcher-1.4.jar:/home/tomaszmakowski/.m2/repository/org/sonatype/plexus/plexus-cipher/1.4/plexus-cipher-1.4.jar:/home/tomaszmakowski/.m2/repository/org/codehaus/plexus/plexus-utils/3.2.1/plexus-utils-3.2.1.jar:/home/tomaszmakowski/.m2/repository/org/sonarsource/scanner/api/sonar-scanner-api/2.16.2.588/sonar-scanner-api-2.16.2.588.jar:/home/tomaszmakowski/.m2/repository/commons-lang/commons-lang/2.6/commons-lang-2.6.jar:/home/tomaszmakowski/.m2/repository/org/apache/maven/plugins/maven-surefire-plugin/3.0.0-M7/maven-surefire-plugin-3.0.0-M7.jar:/home/tomaszmakowski/.m2/repository/org/apache/maven/surefire/maven-surefire-common/3.0.0-M7/maven-surefire-common-3.0.0-M7.jar:/home/tomaszmakowski/.m2/repository/org/apache/maven/surefire/surefire-extensions-api/3.0.0-M7/surefire-extensions-api-3.0.0-M7.jar:/home/tomaszmakowski/.m2/repository/org/apache/maven/surefire/surefire-booter/3.0.0-M7/surefire-booter-3.0.0-M7.jar:/home/tomaszmakowski/.m2/repository/org/apache/maven/surefire/surefire-extensions-spi/3.0.0-M7/surefire-extensions-spi-3.0.0-M7.jar:/home/tomaszmakowski/.m2/repository/org/apache/maven/surefire/surefire-shared-utils/3.0.0-M7/surefire-shared-utils-3.0.0-M7.jar:/home/tomaszmakowski/.m2/repository/org/jacoco/jacoco-maven-plugin/0.8.8/jacoco-maven-plugin-0.8.8.jar:/home/tomaszmakowski/.m2/repository/org/apache/maven/shared/file-management/1.2.1/file-management-1.2.1.jar:/home/tomaszmakowski/.m2/repository/org/codehaus/plexus/plexus-container-default/1.0-alpha-9/plexus-container-default-1.0-alpha-9.jar:/home/tomaszmakowski/.m2/repository/junit/junit/3.8.1/junit-3.8.1.jar:/home/tomaszmakowski/.m2/repository/classworlds/classworlds/1.1-alpha-2/classworlds-1.1-alpha-2.jar:/home/tomaszmakowski/.m2/repository/org/apache/maven/reporting/maven-reporting-api/3.0/maven-reporting-api-3.0.jar:/home/tomaszmakowski/.m2/repository/org/jacoco/org.jacoco.agent/0.8.8/org.jacoco.agent-0.8.8-runtime.jar:/home/tomaszmakowski/.m2/repository/org/jacoco/org.jacoco.core/0.8.8/org.jacoco.core-0.8.8.jar:/home/tomaszmakowski/.m2/repository/org/ow2/asm/asm/9.2/asm-9.2.jar:/home/tomaszmakowski/.m2/repository/org/ow2/asm/asm-commons/9.2/asm-commons-9.2.jar:/home/tomaszmakowski/.m2/repository/org/ow2/asm/asm-analysis/9.2/asm-analysis-9.2.jar:/home/tomaszmakowski/.m2/repository/org/ow2/asm/asm-tree/9.2/asm-tree-9.2.jar:/home/tomaszmakowski/.m2/repository/org/jacoco/org.jacoco.report/0.8.8/org.jacoco.report-0.8.8.jar:/home/tomaszmakowski/.m2/repository/org/junit/platform/junit-platform-surefire-provider/1.3.2/junit-platform-surefire-provider-1.3.2.jar:/home/tomaszmakowski/.m2/repository/org/apiguardian/apiguardian-api/1.0.0/apiguardian-api-1.0.0.jar:/home/tomaszmakowski/.m2/repository/org/junit/platform/junit-platform-launcher/1.3.2/junit-platform-launcher-1.3.2.jar:/home/tomaszmakowski/.m2/repository/org/apache/maven/surefire/surefire-api/2.22.0/surefire-api-2.22.0.jar:/home/tomaszmakowski/.m2/repository/org/apache/maven/surefire/surefire-logger-api/2.22.0/surefire-logger-api-2.22.0.jar:/home/tomaszmakowski/.m2/repository/org/apache/maven/surefire/common-java5/2.22.0/common-java5-2.22.0.jar:/home/tomaszmakowski/.m2/repository/org/apache/maven/plugins/maven-javadoc-plugin/3.4.1/maven-javadoc-plugin-3.4.1.jar:/home/tomaszmakowski/.m2/repository/org/apache/maven/maven-core/3.2.5/maven-core-3.2.5.jar:/home/tomaszmakowski/.m2/repository/org/apache/maven/maven-settings-builder/3.2.5/maven-settings-builder-3.2.5.jar:/home/tomaszmakowski/.m2/repository/org/apache/maven/maven-repository-metadata/3.2.5/maven-repository-metadata-3.2.5.jar:/home/tomaszmakowski/.m2/repository/org/apache/maven/maven-model-builder/3.2.5/maven-model-builder-3.2.5.jar:/home/tomaszmakowski/.m2/repository/org/apache/maven/maven-aether-provider/3.2.5/maven-aether-provider-3.2.5.jar:/home/tomaszmakowski/.m2/repository/org/eclipse/aether/aether-spi/1.0.0.v20140518/aether-spi-1.0.0.v20140518.jar:/home/tomaszmakowski/.m2/repository/org/eclipse/aether/aether-impl/1.0.0.v20140518/aether-impl-1.0.0.v20140518.jar:/home/tomaszmakowski/.m2/repository/org/eclipse/aether/aether-api/1.0.0.v20140518/aether-api-1.0.0.v20140518.jar:/home/tomaszmakowski/.m2/repository/org/eclipse/aether/aether-util/1.0.0.v20140518/aether-util-1.0.0.v20140518.jar:/home/tomaszmakowski/.m2/repository/org/eclipse/sisu/org.eclipse.sisu.plexus/0.3.0.M1/org.eclipse.sisu.plexus-0.3.0.M1.jar:/home/tomaszmakowski/.m2/repository/javax/enterprise/cdi-api/1.0/cdi-api-1.0.jar:/home/tomaszmakowski/.m2/repository/javax/annotation/jsr250-api/1.0/jsr250-api-1.0.jar:/home/tomaszmakowski/.m2/repository/org/eclipse/sisu/org.eclipse.sisu.inject/0.3.0.M1/org.eclipse.sisu.inject-0.3.0.M1.jar:/home/tomaszmakowski/.m2/repository/org/sonatype/sisu/sisu-guice/3.2.3/sisu-guice-3.2.3-no_aop.jar:/home/tomaszmakowski/.m2/repository/aopalliance/aopalliance/1.0/aopalliance-1.0.jar:/home/tomaszmakowski/.m2/repository/com/google/guava/guava/16.0.1/guava-16.0.1.jar:/home/tomaszmakowski/.m2/repository/org/codehaus/plexus/plexus-classworlds/2.5.2/plexus-classworlds-2.5.2.jar:/home/tomaszmakowski/.m2/repository/org/codehaus/plexus/plexus-component-annotations/1.5.5/plexus-component-annotations-1.5.5.jar:/home/tomaszmakowski/.m2/repository/org/apache/maven/maven-model/3.2.5/maven-model-3.2.5.jar:/home/tomaszmakowski/.m2/repository/org/apache/maven/maven-settings/3.2.5/maven-settings-3.2.5.jar:/home/tomaszmakowski/.m2/repository/org/apache/maven/maven-plugin-api/3.2.5/maven-plugin-api-3.2.5.jar:/home/tomaszmakowski/.m2/repository/org/apache/maven/maven-artifact/3.2.5/maven-artifact-3.2.5.jar:/home/tomaszmakowski/.m2/repository/org/apache/maven/maven-archiver/3.6.0/maven-archiver-3.6.0.jar:/home/tomaszmakowski/.m2/repository/org/apache/maven/shared/maven-invoker/3.1.0/maven-invoker-3.1.0.jar:/home/tomaszmakowski/.m2/repository/org/apache/maven/shared/maven-shared-utils/3.3.3/maven-shared-utils-3.3.3.jar:/home/tomaszmakowski/.m2/repository/javax/inject/javax.inject/1/javax.inject-1.jar:/home/tomaszmakowski/.m2/repository/org/apache/maven/shared/maven-common-artifact-filters/3.1.1/maven-common-artifact-filters-3.1.1.jar:/home/tomaszmakowski/.m2/repository/org/sonatype/sisu/sisu-inject-plexus/1.4.2/sisu-inject-plexus-1.4.2.jar:/home/tomaszmakowski/.m2/repository/org/sonatype/sisu/sisu-inject-bean/1.4.2/sisu-inject-bean-1.4.2.jar:/home/tomaszmakowski/.m2/repository/org/sonatype/sisu/sisu-guice/2.1.7/sisu-guice-2.1.7-noaop.jar:/home/tomaszmakowski/.m2/repository/org/apache/maven/shared/maven-artifact-transfer/0.13.1/maven-artifact-transfer-0.13.1.jar:/home/tomaszmakowski/.m2/repository/org/slf4j/slf4j-api/1.7.5/slf4j-api-1.7.5.jar:/home/tomaszmakowski/.m2/repository/org/apache/maven/doxia/doxia-sink-api/1.11.1/doxia-sink-api-1.11.1.jar:/home/tomaszmakowski/.m2/repository/org/apache/maven/doxia/doxia-logging-api/1.11.1/doxia-logging-api-1.11.1.jar:/home/tomaszmakowski/.m2/repository/org/apache/maven/doxia/doxia-site-renderer/1.11.1/doxia-site-renderer-1.11.1.jar:/home/tomaszmakowski/.m2/repository/org/apache/maven/doxia/doxia-core/1.11.1/doxia-core-1.11.1.jar:/home/tomaszmakowski/.m2/repository/org/apache/maven/doxia/doxia-decoration-model/1.11.1/doxia-decoration-model-1.11.1.jar:/home/tomaszmakowski/.m2/repository/org/apache/maven/doxia/doxia-skin-model/1.11.1/doxia-skin-model-1.11.1.jar:/home/tomaszmakowski/.m2/repository/org/apache/maven/doxia/doxia-module-xhtml/1.11.1/doxia-module-xhtml-1.11.1.jar:/home/tomaszmakowski/.m2/repository/org/apache/maven/doxia/doxia-module-xhtml5/1.11.1/doxia-module-xhtml5-1.11.1.jar:/home/tomaszmakowski/.m2/repository/org/codehaus/plexus/plexus-i18n/1.0-beta-10/plexus-i18n-1.0-beta-10.jar:/home/tomaszmakowski/.m2/repository/org/codehaus/plexus/plexus-velocity/1.2/plexus-velocity-1.2.jar:/home/tomaszmakowski/.m2/repository/org/apache/velocity/velocity/1.7/velocity-1.7.jar:/home/tomaszmakowski/.m2/repository/org/apache/velocity/velocity-tools/2.0/velocity-tools-2.0.jar:/home/tomaszmakowski/.m2/repository/commons-beanutils/commons-beanutils/1.7.0/commons-beanutils-1.7.0.jar:/home/tomaszmakowski/.m2/repository/commons-digester/commons-digester/1.8/commons-digester-1.8.jar:/home/tomaszmakowski/.m2/repository/commons-chain/commons-chain/1.1/commons-chain-1.1.jar:/home/tomaszmakowski/.m2/repository/dom4j/dom4j/1.1/dom4j-1.1.jar:/home/tomaszmakowski/.m2/repository/oro/oro/2.0.8/oro-2.0.8.jar:/home/tomaszmakowski/.m2/repository/commons-collections/commons-collections/3.2.2/commons-collections-3.2.2.jar:/home/tomaszmakowski/.m2/repository/org/apache/maven/wagon/wagon-provider-api/2.4/wagon-provider-api-2.4.jar:/home/tomaszmakowski/.m2/repository/org/apache/commons/commons-lang3/3.12.0/commons-lang3-3.12.0.jar:/home/tomaszmakowski/.m2/repository/org/apache/commons/commons-text/1.9/commons-text-1.9.jar:/home/tomaszmakowski/.m2/repository/org/apache/httpcomponents/httpclient/4.5.13/httpclient-4.5.13.jar:/home/tomaszmakowski/.m2/repository/commons-logging/commons-logging/1.2/commons-logging-1.2.jar:/home/tomaszmakowski/.m2/repository/commons-codec/commons-codec/1.11/commons-codec-1.11.jar:/home/tomaszmakowski/.m2/repository/org/apache/httpcomponents/httpcore/4.4.15/httpcore-4.4.15.jar:/home/tomaszmakowski/.m2/repository/com/thoughtworks/qdox/qdox/2.0.1/qdox-2.0.1.jar:/home/tomaszmakowski/.m2/repository/org/codehaus/plexus/plexus-java/1.1.0/plexus-java-1.1.0.jar:/home/tomaszmakowski/.m2/repository/commons-io/commons-io/2.11.0/commons-io-2.11.0.jar:/home/tomaszmakowski/.m2/repository/org/codehaus/plexus/plexus-interactivity-api/1.1/plexus-interactivity-api-1.1.jar:/home/tomaszmakowski/.m2/repository/org/apache/maven/plugins/maven-assembly-plugin/2.6/maven-assembly-plugin-2.6.jar:/home/tomaszmakowski/.m2/repository/org/apache/maven/maven-project/2.2.1/maven-project-2.2.1.jar:/home/tomaszmakowski/.m2/repository/org/apache/maven/maven-profile/2.2.1/maven-profile-2.2.1.jar:/home/tomaszmakowski/.m2/repository/org/apache/maven/maven-artifact-manager/2.2.1/maven-artifact-manager-2.2.1.jar:/home/tomaszmakowski/.m2/repository/backport-util-concurrent/backport-util-concurrent/3.1/backport-util-concurrent-3.1.jar:/home/tomaszmakowski/.m2/repository/org/apache/maven/maven-plugin-registry/2.2.1/maven-plugin-registry-2.2.1.jar:/home/tomaszmakowski/.m2/repository/org/codehaus/plexus/plexus-interpolation/1.22/plexus-interpolation-1.22.jar:/home/tomaszmakowski/.m2/repository/org/codehaus/plexus/plexus-archiver/3.0.1/plexus-archiver-3.0.1.jar:/home/tomaszmakowski/.m2/repository/org/iq80/snappy/snappy/0.3/snappy-0.3.jar:/home/tomaszmakowski/.m2/repository/org/apache/maven/shared/maven-shared-io/1.1/maven-shared-io-1.1.jar:/home/tomaszmakowski/.m2/repository/org/apache/maven/shared/maven-filtering/1.3/maven-filtering-1.3.jar:/home/tomaszmakowski/.m2/repository/org/sonatype/plexus/plexus-build-api/0.0.4/plexus-build-api-0.0.4.jar:/home/tomaszmakowski/.m2/repository/org/codehaus/plexus/plexus-io/2.6/plexus-io-2.6.jar:/home/tomaszmakowski/.m2/repository/org/apache/maven/shared/maven-repository-builder/1.0/maven-repository-builder-1.0.jar:"/>
    <property name="java.vm.vendor" value="Private Build"/>
    <property name="sun.arch.data.model" value="64"/>
    <property name="java.vendor.url" value="Unknown"/>
    <property name="os.name" value="Linux"/>
    <property name="java.vm.specification.version" value="17"/>
    <property name="sun.java.launcher" value="SUN_STANDARD"/>
    <property name="user.country" value="PL"/>
    <property name="sun.boot.library.path" value="/usr/lib/jvm/java-17-openjdk-amd64/lib"/>
    <property name="sun.java.command" value="/home/tomaszmakowski/ProgramowanieZaawansowane/poker-final/poker-common/target/surefire/surefirebooter8307646271717988774.jar /home/tomaszmakowski/ProgramowanieZaawansowane/poker-final/poker-common/target/surefire 2023-01-25T09-50-29_534-jvmRun1 surefire7840195341312051811tmp surefire_115165278211633104434tmp"/>
    <property name="jdk.debug" value="release"/>
    <property name="surefire.test.class.path" value="/home/tomaszmakowski/ProgramowanieZaawansowane/poker-final/poker-common/target/test-classes:/home/tomaszmakowski/ProgramowanieZaawansowane/poker-final/poker-common/target/classes:/home/tomaszmakowski/.m2/repository/log4j/log4j/1.2.12/log4j-1.2.12.jar:/home/tomaszmakowski/.m2/repository/org/junit/jupiter/junit-jupiter/5.9.2/junit-jupiter-5.9.2.jar:/home/tomaszmakowski/.m2/repository/org/junit/jupiter/junit-jupiter-api/5.9.2/junit-jupiter-api-5.9.2.jar:/home/tomaszmakowski/.m2/repository/org/opentest4j/opentest4j/1.2.0/opentest4j-1.2.0.jar:/home/tomaszmakowski/.m2/repository/org/junit/platform/junit-platform-commons/1.9.2/junit-platform-commons-1.9.2.jar:/home/tomaszmakowski/.m2/repository/org/junit/jupiter/junit-jupiter-params/5.9.2/junit-jupiter-params-5.9.2.jar:/home/tomaszmakowski/.m2/repository/org/junit/jupiter/junit-jupiter-engine/5.9.2/junit-jupiter-engine-5.9.2.jar:/home/tomaszmakowski/.m2/repository/org/junit/platform/junit-platform-engine/1.9.2/junit-platform-engine-1.9.2.jar:/home/tomaszmakowski/.m2/repository/org/sonarsource/scanner/maven/sonar-maven-plugin/3.9.1.2184/sonar-maven-plugin-3.9.1.2184.jar:/home/tomaszmakowski/.m2/repository/org/sonatype/plexus/plexus-sec-dispatcher/1.4/plexus-sec-dispatcher-1.4.jar:/home/tomaszmakowski/.m2/repository/org/sonatype/plexus/plexus-cipher/1.4/plexus-cipher-1.4.jar:/home/tomaszmakowski/.m2/repository/org/codehaus/plexus/plexus-utils/3.2.1/plexus-utils-3.2.1.jar:/home/tomaszmakowski/.m2/repository/org/sonarsource/scanner/api/sonar-scanner-api/2.16.2.588/sonar-scanner-api-2.16.2.588.jar:/home/tomaszmakowski/.m2/repository/commons-lang/commons-lang/2.6/commons-lang-2.6.jar:/home/tomaszmakowski/.m2/repository/org/apache/maven/plugins/maven-surefire-plugin/3.0.0-M7/maven-surefire-plugin-3.0.0-M7.jar:/home/tomaszmakowski/.m2/repository/org/apache/maven/surefire/maven-surefire-common/3.0.0-M7/maven-surefire-common-3.0.0-M7.jar:/home/tomaszmakowski/.m2/repository/org/apache/maven/surefire/surefire-extensions-api/3.0.0-M7/surefire-extensions-api-3.0.0-M7.jar:/home/tomaszmakowski/.m2/repository/org/apache/maven/surefire/surefire-booter/3.0.0-M7/surefire-booter-3.0.0-M7.jar:/home/tomaszmakowski/.m2/repository/org/apache/maven/surefire/surefire-extensions-spi/3.0.0-M7/surefire-extensions-spi-3.0.0-M7.jar:/home/tomaszmakowski/.m2/repository/org/apache/maven/surefire/surefire-shared-utils/3.0.0-M7/surefire-shared-utils-3.0.0-M7.jar:/home/tomaszmakowski/.m2/repository/org/jacoco/jacoco-maven-plugin/0.8.8/jacoco-maven-plugin-0.8.8.jar:/home/tomaszmakowski/.m2/repository/org/apache/maven/shared/file-management/1.2.1/file-management-1.2.1.jar:/home/tomaszmakowski/.m2/repository/org/codehaus/plexus/plexus-container-default/1.0-alpha-9/plexus-container-default-1.0-alpha-9.jar:/home/tomaszmakowski/.m2/repository/junit/junit/3.8.1/junit-3.8.1.jar:/home/tomaszmakowski/.m2/repository/classworlds/classworlds/1.1-alpha-2/classworlds-1.1-alpha-2.jar:/home/tomaszmakowski/.m2/repository/org/apache/maven/reporting/maven-reporting-api/3.0/maven-reporting-api-3.0.jar:/home/tomaszmakowski/.m2/repository/org/jacoco/org.jacoco.agent/0.8.8/org.jacoco.agent-0.8.8-runtime.jar:/home/tomaszmakowski/.m2/repository/org/jacoco/org.jacoco.core/0.8.8/org.jacoco.core-0.8.8.jar:/home/tomaszmakowski/.m2/repository/org/ow2/asm/asm/9.2/asm-9.2.jar:/home/tomaszmakowski/.m2/repository/org/ow2/asm/asm-commons/9.2/asm-commons-9.2.jar:/home/tomaszmakowski/.m2/repository/org/ow2/asm/asm-analysis/9.2/asm-analysis-9.2.jar:/home/tomaszmakowski/.m2/repository/org/ow2/asm/asm-tree/9.2/asm-tree-9.2.jar:/home/tomaszmakowski/.m2/repository/org/jacoco/org.jacoco.report/0.8.8/org.jacoco.report-0.8.8.jar:/home/tomaszmakowski/.m2/repository/org/junit/platform/junit-platform-surefire-provider/1.3.2/junit-platform-surefire-provider-1.3.2.jar:/home/tomaszmakowski/.m2/repository/org/apiguardian/apiguardian-api/1.0.0/apiguardian-api-1.0.0.jar:/home/tomaszmakowski/.m2/repository/org/junit/platform/junit-platform-launcher/1.3.2/junit-platform-launcher-1.3.2.jar:/home/tomaszmakowski/.m2/repository/org/apache/maven/surefire/surefire-api/2.22.0/surefire-api-2.22.0.jar:/home/tomaszmakowski/.m2/repository/org/apache/maven/surefire/surefire-logger-api/2.22.0/surefire-logger-api-2.22.0.jar:/home/tomaszmakowski/.m2/repository/org/apache/maven/surefire/common-java5/2.22.0/common-java5-2.22.0.jar:/home/tomaszmakowski/.m2/repository/org/apache/maven/plugins/maven-javadoc-plugin/3.4.1/maven-javadoc-plugin-3.4.1.jar:/home/tomaszmakowski/.m2/repository/org/apache/maven/maven-core/3.2.5/maven-core-3.2.5.jar:/home/tomaszmakowski/.m2/repository/org/apache/maven/maven-settings-builder/3.2.5/maven-settings-builder-3.2.5.jar:/home/tomaszmakowski/.m2/repository/org/apache/maven/maven-repository-metadata/3.2.5/maven-repository-metadata-3.2.5.jar:/home/tomaszmakowski/.m2/repository/org/apache/maven/maven-model-builder/3.2.5/maven-model-builder-3.2.5.jar:/home/tomaszmakowski/.m2/repository/org/apache/maven/maven-aether-provider/3.2.5/maven-aether-provider-3.2.5.jar:/home/tomaszmakowski/.m2/repository/org/eclipse/aether/aether-spi/1.0.0.v20140518/aether-spi-1.0.0.v20140518.jar:/home/tomaszmakowski/.m2/repository/org/eclipse/aether/aether-impl/1.0.0.v20140518/aether-impl-1.0.0.v20140518.jar:/home/tomaszmakowski/.m2/repository/org/eclipse/aether/aether-api/1.0.0.v20140518/aether-api-1.0.0.v20140518.jar:/home/tomaszmakowski/.m2/repository/org/eclipse/aether/aether-util/1.0.0.v20140518/aether-util-1.0.0.v20140518.jar:/home/tomaszmakowski/.m2/repository/org/eclipse/sisu/org.eclipse.sisu.plexus/0.3.0.M1/org.eclipse.sisu.plexus-0.3.0.M1.jar:/home/tomaszmakowski/.m2/repository/javax/enterprise/cdi-api/1.0/cdi-api-1.0.jar:/home/tomaszmakowski/.m2/repository/javax/annotation/jsr250-api/1.0/jsr250-api-1.0.jar:/home/tomaszmakowski/.m2/repository/org/eclipse/sisu/org.eclipse.sisu.inject/0.3.0.M1/org.eclipse.sisu.inject-0.3.0.M1.jar:/home/tomaszmakowski/.m2/repository/org/sonatype/sisu/sisu-guice/3.2.3/sisu-guice-3.2.3-no_aop.jar:/home/tomaszmakowski/.m2/repository/aopalliance/aopalliance/1.0/aopalliance-1.0.jar:/home/tomaszmakowski/.m2/repository/com/google/guava/guava/16.0.1/guava-16.0.1.jar:/home/tomaszmakowski/.m2/repository/org/codehaus/plexus/plexus-classworlds/2.5.2/plexus-classworlds-2.5.2.jar:/home/tomaszmakowski/.m2/repository/org/codehaus/plexus/plexus-component-annotations/1.5.5/plexus-component-annotations-1.5.5.jar:/home/tomaszmakowski/.m2/repository/org/apache/maven/maven-model/3.2.5/maven-model-3.2.5.jar:/home/tomaszmakowski/.m2/repository/org/apache/maven/maven-settings/3.2.5/maven-settings-3.2.5.jar:/home/tomaszmakowski/.m2/repository/org/apache/maven/maven-plugin-api/3.2.5/maven-plugin-api-3.2.5.jar:/home/tomaszmakowski/.m2/repository/org/apache/maven/maven-artifact/3.2.5/maven-artifact-3.2.5.jar:/home/tomaszmakowski/.m2/repository/org/apache/maven/maven-archiver/3.6.0/maven-archiver-3.6.0.jar:/home/tomaszmakowski/.m2/repository/org/apache/maven/shared/maven-invoker/3.1.0/maven-invoker-3.1.0.jar:/home/tomaszmakowski/.m2/repository/org/apache/maven/shared/maven-shared-utils/3.3.3/maven-shared-utils-3.3.3.jar:/home/tomaszmakowski/.m2/repository/javax/inject/javax.inject/1/javax.inject-1.jar:/home/tomaszmakowski/.m2/repository/org/apache/maven/shared/maven-common-artifact-filters/3.1.1/maven-common-artifact-filters-3.1.1.jar:/home/tomaszmakowski/.m2/repository/org/sonatype/sisu/sisu-inject-plexus/1.4.2/sisu-inject-plexus-1.4.2.jar:/home/tomaszmakowski/.m2/repository/org/sonatype/sisu/sisu-inject-bean/1.4.2/sisu-inject-bean-1.4.2.jar:/home/tomaszmakowski/.m2/repository/org/sonatype/sisu/sisu-guice/2.1.7/sisu-guice-2.1.7-noaop.jar:/home/tomaszmakowski/.m2/repository/org/apache/maven/shared/maven-artifact-transfer/0.13.1/maven-artifact-transfer-0.13.1.jar:/home/tomaszmakowski/.m2/repository/org/slf4j/slf4j-api/1.7.5/slf4j-api-1.7.5.jar:/home/tomaszmakowski/.m2/repository/org/apache/maven/doxia/doxia-sink-api/1.11.1/doxia-sink-api-1.11.1.jar:/home/tomaszmakowski/.m2/repository/org/apache/maven/doxia/doxia-logging-api/1.11.1/doxia-logging-api-1.11.1.jar:/home/tomaszmakowski/.m2/repository/org/apache/maven/doxia/doxia-site-renderer/1.11.1/doxia-site-renderer-1.11.1.jar:/home/tomaszmakowski/.m2/repository/org/apache/maven/doxia/doxia-core/1.11.1/doxia-core-1.11.1.jar:/home/tomaszmakowski/.m2/repository/org/apache/maven/doxia/doxia-decoration-model/1.11.1/doxia-decoration-model-1.11.1.jar:/home/tomaszmakowski/.m2/repository/org/apache/maven/doxia/doxia-skin-model/1.11.1/doxia-skin-model-1.11.1.jar:/home/tomaszmakowski/.m2/repository/org/apache/maven/doxia/doxia-module-xhtml/1.11.1/doxia-module-xhtml-1.11.1.jar:/home/tomaszmakowski/.m2/repository/org/apache/maven/doxia/doxia-module-xhtml5/1.11.1/doxia-module-xhtml5-1.11.1.jar:/home/tomaszmakowski/.m2/repository/org/codehaus/plexus/plexus-i18n/1.0-beta-10/plexus-i18n-1.0-beta-10.jar:/home/tomaszmakowski/.m2/repository/org/codehaus/plexus/plexus-velocity/1.2/plexus-velocity-1.2.jar:/home/tomaszmakowski/.m2/repository/org/apache/velocity/velocity/1.7/velocity-1.7.jar:/home/tomaszmakowski/.m2/repository/org/apache/velocity/velocity-tools/2.0/velocity-tools-2.0.jar:/home/tomaszmakowski/.m2/repository/commons-beanutils/commons-beanutils/1.7.0/commons-beanutils-1.7.0.jar:/home/tomaszmakowski/.m2/repository/commons-digester/commons-digester/1.8/commons-digester-1.8.jar:/home/tomaszmakowski/.m2/repository/commons-chain/commons-chain/1.1/commons-chain-1.1.jar:/home/tomaszmakowski/.m2/repository/dom4j/dom4j/1.1/dom4j-1.1.jar:/home/tomaszmakowski/.m2/repository/oro/oro/2.0.8/oro-2.0.8.jar:/home/tomaszmakowski/.m2/repository/commons-collections/commons-collections/3.2.2/commons-collections-3.2.2.jar:/home/tomaszmakowski/.m2/repository/org/apache/maven/wagon/wagon-provider-api/2.4/wagon-provider-api-2.4.jar:/home/tomaszmakowski/.m2/repository/org/apache/commons/commons-lang3/3.12.0/commons-lang3-3.12.0.jar:/home/tomaszmakowski/.m2/repository/org/apache/commons/commons-text/1.9/commons-text-1.9.jar:/home/tomaszmakowski/.m2/repository/org/apache/httpcomponents/httpclient/4.5.13/httpclient-4.5.13.jar:/home/tomaszmakowski/.m2/repository/commons-logging/commons-logging/1.2/commons-logging-1.2.jar:/home/tomaszmakowski/.m2/repository/commons-codec/commons-codec/1.11/commons-codec-1.11.jar:/home/tomaszmakowski/.m2/repository/org/apache/httpcomponents/httpcore/4.4.15/httpcore-4.4.15.jar:/home/tomaszmakowski/.m2/repository/com/thoughtworks/qdox/qdox/2.0.1/qdox-2.0.1.jar:/home/tomaszmakowski/.m2/repository/org/codehaus/plexus/plexus-java/1.1.0/plexus-java-1.1.0.jar:/home/tomaszmakowski/.m2/repository/commons-io/commons-io/2.11.0/commons-io-2.11.0.jar:/home/tomaszmakowski/.m2/repository/org/codehaus/plexus/plexus-interactivity-api/1.1/plexus-interactivity-api-1.1.jar:/home/tomaszmakowski/.m2/repository/org/apache/maven/plugins/maven-assembly-plugin/2.6/maven-assembly-plugin-2.6.jar:/home/tomaszmakowski/.m2/repository/org/apache/maven/maven-project/2.2.1/maven-project-2.2.1.jar:/home/tomaszmakowski/.m2/repository/org/apache/maven/maven-profile/2.2.1/maven-profile-2.2.1.jar:/home/tomaszmakowski/.m2/repository/org/apache/maven/maven-artifact-manager/2.2.1/maven-artifact-manager-2.2.1.jar:/home/tomaszmakowski/.m2/repository/backport-util-concurrent/backport-util-concurrent/3.1/backport-util-concurrent-3.1.jar:/home/tomaszmakowski/.m2/repository/org/apache/maven/maven-plugin-registry/2.2.1/maven-plugin-registry-2.2.1.jar:/home/tomaszmakowski/.m2/repository/org/codehaus/plexus/plexus-interpolation/1.22/plexus-interpolation-1.22.jar:/home/tomaszmakowski/.m2/repository/org/codehaus/plexus/plexus-archiver/3.0.1/plexus-archiver-3.0.1.jar:/home/tomaszmakowski/.m2/repository/org/iq80/snappy/snappy/0.3/snappy-0.3.jar:/home/tomaszmakowski/.m2/repository/org/apache/maven/shared/maven-shared-io/1.1/maven-shared-io-1.1.jar:/home/tomaszmakowski/.m2/repository/org/apache/maven/shared/maven-filtering/1.3/maven-filtering-1.3.jar:/home/tomaszmakowski/.m2/repository/org/sonatype/plexus/plexus-build-api/0.0.4/plexus-build-api-0.0.4.jar:/home/tomaszmakowski/.m2/repository/org/codehaus/plexus/plexus-io/2.6/plexus-io-2.6.jar:/home/tomaszmakowski/.m2/repository/org/apache/maven/shared/maven-repository-builder/1.0/maven-repository-builder-1.0.jar:"/>
    <property name="sun.cpu.endian" value="little"/>
    <property name="user.home" value="/home/tomaszmakowski"/>
    <property name="user.language" value="pl"/>
    <property name="java.specification.vendor" value="Oracle Corporation"/>
    <property name="java.version.date" value="2022-10-18"/>
    <property name="java.home" value="/usr/lib/jvm/java-17-openjdk-amd64"/>
    <property name="file.separator" value="/"/>
    <property name="basedir" value="/home/tomaszmakowski/ProgramowanieZaawansowane/poker-final/poker-common"/>
    <property name="java.vm.compressedOopsMode" value="32-bit"/>
    <property name="line.separator" value="&#10;"/>
    <property name="java.vm.specification.vendor" value="Oracle Corporation"/>
    <property name="java.specification.name" value="Java Platform API Specification"/>
    <property name="surefire.real.class.path" value="/home/tomaszmakowski/ProgramowanieZaawansowane/poker-final/poker-common/target/surefire/surefirebooter8307646271717988774.jar"/>
    <property name="sun.management.compiler" value="HotSpot 64-Bit Tiered Compilers"/>
    <property name="java.runtime.version" value="17.0.5+8-Ubuntu-2ubuntu120.04"/>
    <property name="user.name" value="tomaszmakowski"/>
    <property name="path.separator" value=":"/>
    <property name="os.version" value="5.15.0-58-generic"/>
    <property name="java.runtime.name" value="OpenJDK Runtime Environment"/>
    <property name="file.encoding" value="UTF-8"/>
    <property name="java.vm.name" value="OpenJDK 64-Bit Server VM"/>
    <property name="localRepository" value="/home/tomaszmakowski/.m2/repository"/>
    <property name="java.vendor.url.bug" value="Unknown"/>
    <property name="java.io.tmpdir" value="/tmp"/>
    <property name="java.version" value="17.0.5"/>
    <property name="user.dir" value="/home/tomaszmakowski/ProgramowanieZaawansowane/poker-final/poker-common"/>
    <property name="os.arch" value="amd64"/>
    <property name="java.vm.specification.name" value="Java Virtual Machine Specification"/>
    <property name="native.encoding" value="UTF-8"/>
    <property name="java.library.path" value="/usr/java/packages/lib:/usr/lib/x86_64-linux-gnu/jni:/lib/x86_64-linux-gnu:/usr/lib/x86_64-linux-gnu:/usr/lib/jni:/lib:/usr/lib"/>
    <property name="java.vm.info" value="mixed mode, sharing"/>
    <property name="java.vendor" value="Private Build"/>
    <property name="java.vm.version" value="17.0.5+8-Ubuntu-2ubuntu120.04"/>
    <property name="sun.io.unicode.encoding" value="UnicodeLittle"/>
    <property name="java.class.version" value="61.0"/>
  </properties>
  <testcase name="three_of_kind" classname="pl.edu.agh.kis.pz1.HandEvaluatorTest" time="0.002"/>
  <testcase name="colour" classname="pl.edu.agh.kis.pz1.HandEvaluatorTest" time="0"/>
  <testcase name="high_card" classname="pl.edu.agh.kis.pz1.HandEvaluatorTest" time="0"/>
  <testcase name="full" classname="pl.edu.agh.kis.pz1.HandEvaluatorTest" time="0"/>
  <testcase name="pair" classname="pl.edu.agh.kis.pz1.HandEvaluatorTest" time="0"/>
  <testcase name="correctListOfValues" classname="pl.edu.agh.kis.pz1.HandEvaluatorTest" time="0.004"/>
  <testcase name="flush" classname="pl.edu.agh.kis.pz1.HandEvaluatorTest" time="0"/>
  <testcase name="quads" classname="pl.edu.agh.kis.pz1.HandEvaluatorTest" time="0.006"/>
  <testcase name="two_pairs" classname="pl.edu.agh.kis.pz1.HandEvaluatorTest" time="0"/>
  <testcase name="straight" classname="pl.edu.agh.kis.pz1.HandEvaluatorTest" time="0"/>
</testsuite>